2024-01-03 19:57:03.185 [info] Added views:workbench.panel.markers.view in workbench.panel.markers
2024-01-03 19:57:03.185 [info] Added views:workbench.panel.output in workbench.panel.output
2024-01-03 19:57:03.185 [info] Added views:terminal in terminal
2024-01-03 19:57:03.185 [info] Added views:outline in workbench.view.explorer
2024-01-03 19:57:03.185 [info] Added views:workbench.scm in workbench.view.scm
2024-01-03 19:57:03.185 [info] Added views:workbench.view.search in workbench.view.search
2024-01-03 19:57:03.185 [info] Added views:timeline in workbench.view.explorer
2024-01-03 19:57:03.185 [info] Added views:workbench.explorer.fileView in workbench.view.explorer
2024-01-03 19:57:03.501 [info] Added views:gitlens.views.home,gitlens.views.drafts,gitlens.views.workspaces,gitlens.views.account in workbench.view.extension.gitlens
2024-01-03 19:57:03.502 [info] Added views:gitlens.views.commitDetails,gitlens.views.lineHistory,gitlens.views.fileHistory,gitlens.views.searchAndCompare in workbench.view.extension.gitlensInspect
2024-01-03 19:57:03.504 [info] Added views:gitlens.views.commits,gitlens.views.branches,gitlens.views.remotes,gitlens.views.stashes,gitlens.views.tags,gitlens.views.contributors in workbench.view.scm
2024-01-03 19:57:03.504 [info] Added views:git-log--graph in workbench.view.scm
2024-01-03 19:57:03.718 [info] Added views:workbench.debug.variablesView,workbench.debug.watchExpressionsView,workbench.debug.callStackView,workbench.debug.breakPointsView in workbench.view.debug
2024-01-03 19:57:03.774 [info] Added views:workbench.panel.repl.view in workbench.panel.repl
2024-01-03 19:57:03.776 [info] Removed views:workbench.debug.breakPointsView,workbench.debug.callStackView,workbench.debug.watchExpressionsView,workbench.debug.variablesView from workbench.view.debug
2024-01-03 19:57:03.777 [info] Added views:workbench.debug.welcome in workbench.view.debug
2024-01-03 19:57:03.891 [info] Added views:~remote.forwardedPorts in ~remote.forwardedPortsContainer
2024-01-03 19:57:04.184 [info] Removed views:gitlens.views.searchAndCompare,gitlens.views.fileHistory,gitlens.views.lineHistory,gitlens.views.commitDetails from workbench.view.extension.gitlensInspect
2024-01-03 19:57:04.187 [info] Removed views:gitlens.views.contributors,gitlens.views.tags,gitlens.views.stashes,gitlens.views.remotes,gitlens.views.branches,gitlens.views.commits from workbench.view.scm
2024-01-03 19:57:04.444 [info] Added views:gitlens.views.commitDetails,gitlens.views.lineHistory,gitlens.views.fileHistory,gitlens.views.searchAndCompare in workbench.view.extension.gitlensInspect
2024-01-03 19:57:04.446 [info] Added views:gitlens.views.commits,gitlens.views.branches,gitlens.views.remotes,gitlens.views.stashes,gitlens.views.tags,gitlens.views.contributors in workbench.view.scm
2024-01-03 19:57:05.439 [info] Added views:gitlens.views.graph,gitlens.views.graphDetails in workbench.view.extension.gitlensPanel
2024-01-03 19:57:05.442 [info] Added views:gitlens.views.timeline in workbench.view.extension.gitlensInspect
2024-01-03 19:57:05.445 [info] Added views:gitlens.views.worktrees in workbench.view.scm
