2024-01-09 18:05:28.590 [info] Added views:workbench.panel.markers.view in workbench.panel.markers
2024-01-09 18:05:28.590 [info] Added views:workbench.panel.output in workbench.panel.output
2024-01-09 18:05:28.590 [info] Added views:terminal in terminal
2024-01-09 18:05:28.590 [info] Added views:outline in workbench.view.explorer
2024-01-09 18:05:28.590 [info] Added views:workbench.scm in workbench.view.scm
2024-01-09 18:05:28.590 [info] Added views:workbench.view.search in workbench.view.search
2024-01-09 18:05:28.590 [info] Added views:timeline in workbench.view.explorer
2024-01-09 18:05:28.590 [info] Added views:workbench.explorer.fileView in workbench.view.explorer
2024-01-09 18:05:28.781 [info] Added views:gitlens.views.home,gitlens.views.drafts,gitlens.views.workspaces,gitlens.views.account in workbench.view.extension.gitlens
2024-01-09 18:05:28.782 [info] Added views:gitlens.views.commitDetails,gitlens.views.lineHistory,gitlens.views.fileHistory,gitlens.views.searchAndCompare in workbench.view.extension.gitlensInspect
2024-01-09 18:05:28.783 [info] Added views:gitlens.views.commits,gitlens.views.branches,gitlens.views.remotes,gitlens.views.stashes,gitlens.views.tags,gitlens.views.contributors in workbench.view.scm
2024-01-09 18:05:28.784 [info] Added views:git-log--graph in workbench.view.scm
2024-01-09 18:05:29.021 [info] Added views:workbench.debug.welcome in workbench.view.debug
2024-01-09 18:05:29.320 [info] Added views:workbench.panel.repl.view in workbench.panel.repl
2024-01-09 18:05:29.686 [info] Added views:~remote.forwardedPorts in ~remote.forwardedPortsContainer
2024-01-09 18:05:30.662 [info] Added views:gitlens.views.graph,gitlens.views.graphDetails in workbench.view.extension.gitlensPanel
2024-01-09 18:05:30.662 [info] Added views:gitlens.views.timeline in workbench.view.extension.gitlensInspect
2024-01-09 18:05:30.664 [info] Added views:gitlens.views.worktrees in workbench.view.scm
2024-01-09 18:05:56.448 [info] Added views:workbench.panel.markers.view in workbench.panel.markers
2024-01-09 18:05:56.448 [info] Added views:workbench.panel.output in workbench.panel.output
2024-01-09 18:05:56.448 [info] Added views:terminal in terminal
2024-01-09 18:05:56.448 [info] Added views:outline in workbench.view.explorer
2024-01-09 18:05:56.448 [info] Added views:workbench.scm in workbench.view.scm
2024-01-09 18:05:56.448 [info] Added views:workbench.view.search in workbench.view.search
2024-01-09 18:05:56.448 [info] Added views:timeline in workbench.view.explorer
2024-01-09 18:05:56.448 [info] Added views:workbench.explorer.fileView in workbench.view.explorer
2024-01-09 18:05:56.597 [info] Added views:gitlens.views.home,gitlens.views.drafts,gitlens.views.workspaces,gitlens.views.account in workbench.view.extension.gitlens
2024-01-09 18:05:56.598 [info] Added views:gitlens.views.commitDetails,gitlens.views.lineHistory,gitlens.views.fileHistory,gitlens.views.searchAndCompare in workbench.view.extension.gitlensInspect
2024-01-09 18:05:56.599 [info] Added views:gitlens.views.commits,gitlens.views.branches,gitlens.views.remotes,gitlens.views.stashes,gitlens.views.tags,gitlens.views.contributors in workbench.view.scm
2024-01-09 18:05:56.599 [info] Added views:git-log--graph in workbench.view.scm
2024-01-09 18:05:56.775 [info] Added views:workbench.debug.variablesView,workbench.debug.watchExpressionsView,workbench.debug.callStackView,workbench.debug.breakPointsView in workbench.view.debug
2024-01-09 18:05:56.793 [info] Added views:workbench.panel.repl.view in workbench.panel.repl
2024-01-09 18:05:56.795 [info] Removed views:workbench.debug.breakPointsView,workbench.debug.callStackView,workbench.debug.watchExpressionsView,workbench.debug.variablesView from workbench.view.debug
2024-01-09 18:05:56.796 [info] Added views:workbench.debug.welcome in workbench.view.debug
2024-01-09 18:05:56.876 [info] Added views:~remote.forwardedPorts in ~remote.forwardedPortsContainer
2024-01-09 18:05:57.124 [info] Removed views:gitlens.views.searchAndCompare,gitlens.views.fileHistory,gitlens.views.lineHistory,gitlens.views.commitDetails from workbench.view.extension.gitlensInspect
2024-01-09 18:05:57.125 [info] Removed views:gitlens.views.contributors,gitlens.views.tags,gitlens.views.stashes,gitlens.views.remotes,gitlens.views.branches,gitlens.views.commits from workbench.view.scm
2024-01-09 18:05:57.292 [info] Added views:gitlens.views.commitDetails,gitlens.views.lineHistory,gitlens.views.fileHistory,gitlens.views.searchAndCompare in workbench.view.extension.gitlensInspect
2024-01-09 18:05:57.294 [info] Added views:gitlens.views.commits,gitlens.views.branches,gitlens.views.remotes,gitlens.views.stashes,gitlens.views.tags,gitlens.views.contributors in workbench.view.scm
2024-01-09 18:05:58.429 [info] Added views:gitlens.views.graph,gitlens.views.graphDetails in workbench.view.extension.gitlensPanel
2024-01-09 18:05:58.430 [info] Added views:gitlens.views.timeline in workbench.view.extension.gitlensInspect
2024-01-09 18:05:58.433 [info] Added views:gitlens.views.worktrees in workbench.view.scm
