00:10:41 ERROR: On line 1215 
/usr/local/bin/bashtop: line 1207: local: `38': invalid variable name for name reference
00:10:44 ERROR: On line 1207 (MUTED!)
/usr/local/bin/bashtop: line 1207: local: `2': invalid variable name for name reference
00:10:44 ERROR: On line 1207 (MUTED!)
/usr/local/bin/bashtop: line 1207: local: `58': invalid variable name for name reference
/usr/local/bin/bashtop: line 1207: local: `38': invalid variable name for name reference
/usr/local/bin/bashtop: line 1207: local: `2': invalid variable name for name reference
/usr/local/bin/bashtop: line 1207: local: `58': invalid variable name for name reference
00:10:44 ERROR: On line 1215 
/usr/local/bin/bashtop: line 1207: local: `38': invalid variable name for name reference
00:10:46 ERROR: On line 1207 (MUTED!)
/usr/local/bin/bashtop: line 1207: local: `2': invalid variable name for name reference
00:10:46 ERROR: On line 1207 (MUTED!)
/usr/local/bin/bashtop: line 1207: local: `58': invalid variable name for name reference
/usr/local/bin/bashtop: line 1207: local: `38': invalid variable name for name reference
/usr/local/bin/bashtop: line 1207: local: `2': invalid variable name for name reference
/usr/local/bin/bashtop: line 1207: local: `58': invalid variable name for name reference
00:10:46 ERROR: On line 1215 
/usr/local/bin/bashtop: line 1207: local: `38': invalid variable name for name reference
00:10:49 ERROR: On line 1207 (MUTED!)
/usr/local/bin/bashtop: line 1207: local: `2': invalid variable name for name reference
00:10:49 ERROR: On line 1207 (MUTED!)
/usr/local/bin/bashtop: line 1207: local: `58': invalid variable name for name reference
/usr/local/bin/bashtop: line 1207: local: `38': invalid variable name for name reference
/usr/local/bin/bashtop: line 1207: local: `2': invalid variable name for name reference
/usr/local/bin/bashtop: line 1207: local: `58': invalid variable name for name reference
00:10:49 ERROR: On line 1215 
/usr/local/bin/bashtop: line 1207: local: `38': invalid variable name for name reference
00:10:52 ERROR: On line 1207 (MUTED!)
/usr/local/bin/bashtop: line 1207: local: `2': invalid variable name for name reference
00:10:52 ERROR: On line 1207 (MUTED!)
/usr/local/bin/bashtop: line 1207: local: `58': invalid variable name for name reference
/usr/local/bin/bashtop: line 1207: local: `38': invalid variable name for name reference
/usr/local/bin/bashtop: line 1207: local: `2': invalid variable name for name reference
/usr/local/bin/bashtop: line 1207: local: `58': invalid variable name for name reference
00:10:52 ERROR: On line 1215 
/usr/local/bin/bashtop: line 1207: local: `38': invalid variable name for name reference
00:10:54 ERROR: On line 1207 (MUTED!)
/usr/local/bin/bashtop: line 1207: local: `2': invalid variable name for name reference
00:10:54 ERROR: On line 1207 (MUTED!)
/usr/local/bin/bashtop: line 1207: local: `58': invalid variable name for name reference
/usr/local/bin/bashtop: line 1207: local: `38': invalid variable name for name reference
/usr/local/bin/bashtop: line 1207: local: `2': invalid variable name for name reference
/usr/local/bin/bashtop: line 1207: local: `58': invalid variable name for name reference
00:10:54 ERROR: On line 1215 
/usr/local/bin/bashtop: line 1207: local: `38': invalid variable name for name reference
00:10:57 ERROR: On line 1207 
/usr/local/bin/bashtop: line 1207: local: `2': invalid variable name for name reference
00:10:57 ERROR: On line 1207 (MUTED!)
/usr/local/bin/bashtop: line 1207: local: `58': invalid variable name for name reference
/usr/local/bin/bashtop: line 1207: local: `38': invalid variable name for name reference
/usr/local/bin/bashtop: line 1207: local: `2': invalid variable name for name reference
/usr/local/bin/bashtop: line 1207: local: `58': invalid variable name for name reference
00:10:57 ERROR: On line 1215 
/usr/local/bin/bashtop: line 1207: local: `38': invalid variable name for name reference
00:10:59 ERROR: On line 1207 (MUTED!)
/usr/local/bin/bashtop: line 1207: local: `2': invalid variable name for name reference
00:10:59 ERROR: On line 1207 (MUTED!)
/usr/local/bin/bashtop: line 1207: local: `58': invalid variable name for name reference
/usr/local/bin/bashtop: line 1207: local: `38': invalid variable name for name reference
/usr/local/bin/bashtop: line 1207: local: `2': invalid variable name for name reference
/usr/local/bin/bashtop: line 1207: local: `58': invalid variable name for name reference
00:10:59 ERROR: On line 1215 
/usr/local/bin/bashtop: line 1207: local: `38': invalid variable name for name reference
00:11:02 ERROR: On line 1207 (MUTED!)
/usr/local/bin/bashtop: line 1207: local: `2': invalid variable name for name reference
00:11:02 ERROR: On line 1207 (MUTED!)
/usr/local/bin/bashtop: line 1207: local: `58': invalid variable name for name reference
/usr/local/bin/bashtop: line 1207: local: `38': invalid variable name for name reference
/usr/local/bin/bashtop: line 1207: local: `2': invalid variable name for name reference
/usr/local/bin/bashtop: line 1207: local: `58': invalid variable name for name reference
00:11:02 ERROR: On line 1215 
/usr/local/bin/bashtop: line 1207: local: `38': invalid variable name for name reference
00:11:05 ERROR: On line 1207 (MUTED!)
/usr/local/bin/bashtop: line 1207: local: `2': invalid variable name for name reference
00:11:05 ERROR: On line 1207 (MUTED!)
/usr/local/bin/bashtop: line 1207: local: `58': invalid variable name for name reference
/usr/local/bin/bashtop: line 1207: local: `38': invalid variable name for name reference
/usr/local/bin/bashtop: line 1207: local: `2': invalid variable name for name reference
/usr/local/bin/bashtop: line 1207: local: `58': invalid variable name for name reference
00:11:05 ERROR: On line 1215 
/usr/local/bin/bashtop: line 1207: local: `38': invalid variable name for name reference
00:11:07 ERROR: On line 1207 (MUTED!)
/usr/local/bin/bashtop: line 1207: local: `2': invalid variable name for name reference
00:11:07 ERROR: On line 1207 (MUTED!)
/usr/local/bin/bashtop: line 1207: local: `58': invalid variable name for name reference
/usr/local/bin/bashtop: line 1207: local: `38': invalid variable name for name reference
/usr/local/bin/bashtop: line 1207: local: `2': invalid variable name for name reference
/usr/local/bin/bashtop: line 1207: local: `58': invalid variable name for name reference
00:11:07 ERROR: On line 1215 
/usr/local/bin/bashtop: line 1207: local: `38': invalid variable name for name reference
00:11:10 ERROR: On line 1207 (MUTED!)
/usr/local/bin/bashtop: line 1207: local: `2': invalid variable name for name reference
00:11:10 ERROR: On line 1207 (MUTED!)
/usr/local/bin/bashtop: line 1207: local: `58': invalid variable name for name reference
/usr/local/bin/bashtop: line 1207: local: `38': invalid variable name for name reference
/usr/local/bin/bashtop: line 1207: local: `2': invalid variable name for name reference
/usr/local/bin/bashtop: line 1207: local: `58': invalid variable name for name reference
00:11:10 ERROR: On line 1215 
/usr/local/bin/bashtop: line 1207: local: `38': invalid variable name for name reference
00:11:13 ERROR: On line 1207 (MUTED!)
/usr/local/bin/bashtop: line 1207: local: `2': invalid variable name for name reference
00:11:13 ERROR: On line 1207 (MUTED!)
/usr/local/bin/bashtop: line 1207: local: `58': invalid variable name for name reference
/usr/local/bin/bashtop: line 1207: local: `38': invalid variable name for name reference
/usr/local/bin/bashtop: line 1207: local: `2': invalid variable name for name reference
/usr/local/bin/bashtop: line 1207: local: `58': invalid variable name for name reference
00:11:13 ERROR: On line 1215 
/usr/local/bin/bashtop: line 1207: local: `38': invalid variable name for name reference
00:11:15 ERROR: On line 1207 (MUTED!)
/usr/local/bin/bashtop: line 1207: local: `2': invalid variable name for name reference
00:11:15 ERROR: On line 1207 (MUTED!)
/usr/local/bin/bashtop: line 1207: local: `58': invalid variable name for name reference
/usr/local/bin/bashtop: line 1207: local: `38': invalid variable name for name reference
/usr/local/bin/bashtop: line 1207: local: `2': invalid variable name for name reference
/usr/local/bin/bashtop: line 1207: local: `58': invalid variable name for name reference
00:11:15 ERROR: On line 1215 
/usr/local/bin/bashtop: line 1207: local: `38': invalid variable name for name reference
00:11:18 ERROR: On line 1207 (MUTED!)
/usr/local/bin/bashtop: line 1207: local: `2': invalid variable name for name reference
00:11:18 ERROR: On line 1207 (MUTED!)
/usr/local/bin/bashtop: line 1207: local: `58': invalid variable name for name reference
/usr/local/bin/bashtop: line 1207: local: `38': invalid variable name for name reference
/usr/local/bin/bashtop: line 1207: local: `2': invalid variable name for name reference
/usr/local/bin/bashtop: line 1207: local: `58': invalid variable name for name reference
00:11:18 ERROR: On line 1215 
/usr/local/bin/bashtop: line 1207: local: `38': invalid variable name for name reference
00:11:21 ERROR: On line 1207 (MUTED!)
/usr/local/bin/bashtop: line 1207: local: `2': invalid variable name for name reference
00:11:21 ERROR: On line 1207 (MUTED!)
/usr/local/bin/bashtop: line 1207: local: `58': invalid variable name for name reference
/usr/local/bin/bashtop: line 1207: local: `38': invalid variable name for name reference
/usr/local/bin/bashtop: line 1207: local: `2': invalid variable name for name reference
/usr/local/bin/bashtop: line 1207: local: `58': invalid variable name for name reference
00:11:21 ERROR: On line 1215 
/usr/local/bin/bashtop: line 1207: local: `38': invalid variable name for name reference
00:11:24 ERROR: On line 1207 (MUTED!)
/usr/local/bin/bashtop: line 1207: local: `2': invalid variable name for name reference
00:11:24 ERROR: On line 1207 (MUTED!)
/usr/local/bin/bashtop: line 1207: local: `58': invalid variable name for name reference
/usr/local/bin/bashtop: line 1207: local: `38': invalid variable name for name reference
/usr/local/bin/bashtop: line 1207: local: `2': invalid variable name for name reference
/usr/local/bin/bashtop: line 1207: local: `58': invalid variable name for name reference
00:11:24 ERROR: On line 1215 
/usr/local/bin/bashtop: line 1207: local: `38': invalid variable name for name reference
00:11:26 ERROR: On line 1207 (MUTED!)
/usr/local/bin/bashtop: line 1207: local: `2': invalid variable name for name reference
00:11:26 ERROR: On line 1207 (MUTED!)
/usr/local/bin/bashtop: line 1207: local: `58': invalid variable name for name reference
/usr/local/bin/bashtop: line 1207: local: `38': invalid variable name for name reference
/usr/local/bin/bashtop: line 1207: local: `2': invalid variable name for name reference
/usr/local/bin/bashtop: line 1207: local: `58': invalid variable name for name reference
00:11:26 ERROR: On line 1215 
/usr/local/bin/bashtop: line 1207: local: `38': invalid variable name for name reference
00:11:29 ERROR: On line 1207 (MUTED!)
/usr/local/bin/bashtop: line 1207: local: `2': invalid variable name for name reference
00:11:29 ERROR: On line 1207 (MUTED!)
/usr/local/bin/bashtop: line 1207: local: `58': invalid variable name for name reference
/usr/local/bin/bashtop: line 1207: local: `38': invalid variable name for name reference
/usr/local/bin/bashtop: line 1207: local: `2': invalid variable name for name reference
/usr/local/bin/bashtop: line 1207: local: `58': invalid variable name for name reference
00:11:29 ERROR: On line 1215 
/usr/local/bin/bashtop: line 1207: local: `38': invalid variable name for name reference
00:11:31 ERROR: On line 1207 (MUTED!)
/usr/local/bin/bashtop: line 1207: local: `2': invalid variable name for name reference
00:11:31 ERROR: On line 1207 (MUTED!)
/usr/local/bin/bashtop: line 1207: local: `58': invalid variable name for name reference
/usr/local/bin/bashtop: line 1207: local: `38': invalid variable name for name reference
/usr/local/bin/bashtop: line 1207: local: `2': invalid variable name for name reference
/usr/local/bin/bashtop: line 1207: local: `58': invalid variable name for name reference
00:11:31 ERROR: On line 1215 
/usr/local/bin/bashtop: line 1207: local: `38': invalid variable name for name reference
00:11:34 ERROR: On line 1207 (MUTED!)
/usr/local/bin/bashtop: line 1207: local: `2': invalid variable name for name reference
00:11:34 ERROR: On line 1207 (MUTED!)
/usr/local/bin/bashtop: line 1207: local: `58': invalid variable name for name reference
/usr/local/bin/bashtop: line 1207: local: `38': invalid variable name for name reference
/usr/local/bin/bashtop: line 1207: local: `2': invalid variable name for name reference
/usr/local/bin/bashtop: line 1207: local: `58': invalid variable name for name reference
00:11:34 ERROR: On line 1215 
/usr/local/bin/bashtop: line 1207: local: `38': invalid variable name for name reference
00:11:37 ERROR: On line 1207 (MUTED!)
/usr/local/bin/bashtop: line 1207: local: `2': invalid variable name for name reference
00:11:37 ERROR: On line 1207 (MUTED!)
/usr/local/bin/bashtop: line 1207: local: `58': invalid variable name for name reference
/usr/local/bin/bashtop: line 1207: local: `38': invalid variable name for name reference
/usr/local/bin/bashtop: line 1207: local: `2': invalid variable name for name reference
/usr/local/bin/bashtop: line 1207: local: `58': invalid variable name for name reference
00:11:37 ERROR: On line 1215 
/usr/local/bin/bashtop: line 1207: local: `38': invalid variable name for name reference
00:11:39 ERROR: On line 1207 (MUTED!)
/usr/local/bin/bashtop: line 1207: local: `2': invalid variable name for name reference
00:11:39 ERROR: On line 1207 (MUTED!)
/usr/local/bin/bashtop: line 1207: local: `58': invalid variable name for name reference
/usr/local/bin/bashtop: line 1207: local: `38': invalid variable name for name reference
/usr/local/bin/bashtop: line 1207: local: `2': invalid variable name for name reference
/usr/local/bin/bashtop: line 1207: local: `58': invalid variable name for name reference
00:11:39 ERROR: On line 1215 
/usr/local/bin/bashtop: line 1207: local: `38': invalid variable name for name reference
00:11:42 ERROR: On line 1207 (MUTED!)
/usr/local/bin/bashtop: line 1207: local: `2': invalid variable name for name reference
00:11:42 ERROR: On line 1207 (MUTED!)
/usr/local/bin/bashtop: line 1207: local: `58': invalid variable name for name reference
/usr/local/bin/bashtop: line 1207: local: `38': invalid variable name for name reference
/usr/local/bin/bashtop: line 1207: local: `2': invalid variable name for name reference
/usr/local/bin/bashtop: line 1207: local: `58': invalid variable name for name reference
00:11:42 ERROR: On line 1215 
/usr/local/bin/bashtop: line 1207: local: `38': invalid variable name for name reference
00:11:45 ERROR: On line 1207 (MUTED!)
/usr/local/bin/bashtop: line 1207: local: `2': invalid variable name for name reference
00:11:45 ERROR: On line 1207 (MUTED!)
/usr/local/bin/bashtop: line 1207: local: `58': invalid variable name for name reference
/usr/local/bin/bashtop: line 1207: local: `38': invalid variable name for name reference
/usr/local/bin/bashtop: line 1207: local: `2': invalid variable name for name reference
/usr/local/bin/bashtop: line 1207: local: `58': invalid variable name for name reference
00:11:45 ERROR: On line 1215 
/usr/local/bin/bashtop: line 1207: local: `38': invalid variable name for name reference
00:11:47 ERROR: On line 1207 (MUTED!)
/usr/local/bin/bashtop: line 1207: local: `2': invalid variable name for name reference
00:11:47 ERROR: On line 1207 (MUTED!)
/usr/local/bin/bashtop: line 1207: local: `58': invalid variable name for name reference
/usr/local/bin/bashtop: line 1207: local: `38': invalid variable name for name reference
/usr/local/bin/bashtop: line 1207: local: `2': invalid variable name for name reference
/usr/local/bin/bashtop: line 1207: local: `58': invalid variable name for name reference
00:11:47 ERROR: On line 1215 
/usr/local/bin/bashtop: line 1207: local: `38': invalid variable name for name reference
00:11:50 ERROR: On line 1207 (MUTED!)
/usr/local/bin/bashtop: line 1207: local: `2': invalid variable name for name reference
00:11:50 ERROR: On line 1207 (MUTED!)
/usr/local/bin/bashtop: line 1207: local: `58': invalid variable name for name reference
/usr/local/bin/bashtop: line 1207: local: `38': invalid variable name for name reference
/usr/local/bin/bashtop: line 1207: local: `2': invalid variable name for name reference
/usr/local/bin/bashtop: line 1207: local: `58': invalid variable name for name reference
00:11:50 ERROR: On line 1215 
/usr/local/bin/bashtop: line 1207: local: `38': invalid variable name for name reference
00:11:52 ERROR: On line 1207 (MUTED!)
/usr/local/bin/bashtop: line 1207: local: `2': invalid variable name for name reference
00:11:52 ERROR: On line 1207 (MUTED!)
/usr/local/bin/bashtop: line 1207: local: `58': invalid variable name for name reference
/usr/local/bin/bashtop: line 1207: local: `38': invalid variable name for name reference
/usr/local/bin/bashtop: line 1207: local: `2': invalid variable name for name reference
/usr/local/bin/bashtop: line 1207: local: `58': invalid variable name for name reference
00:11:52 ERROR: On line 1215 
/usr/local/bin/bashtop: line 1207: local: `38': invalid variable name for name reference
00:11:55 ERROR: On line 1207 (MUTED!)
/usr/local/bin/bashtop: line 1207: local: `2': invalid variable name for name reference
00:11:55 ERROR: On line 1207 (MUTED!)
/usr/local/bin/bashtop: line 1207: local: `58': invalid variable name for name reference
/usr/local/bin/bashtop: line 1207: local: `38': invalid variable name for name reference
/usr/local/bin/bashtop: line 1207: local: `2': invalid variable name for name reference
/usr/local/bin/bashtop: line 1207: local: `58': invalid variable name for name reference
00:11:55 ERROR: On line 1215 
/usr/local/bin/bashtop: line 1207: local: `38': invalid variable name for name reference
00:11:58 ERROR: On line 1207 (MUTED!)
/usr/local/bin/bashtop: line 1207: local: `2': invalid variable name for name reference
00:11:58 ERROR: On line 1207 (MUTED!)
/usr/local/bin/bashtop: line 1207: local: `58': invalid variable name for name reference
/usr/local/bin/bashtop: line 1207: local: `38': invalid variable name for name reference
/usr/local/bin/bashtop: line 1207: local: `2': invalid variable name for name reference
/usr/local/bin/bashtop: line 1207: local: `58': invalid variable name for name reference
00:11:58 ERROR: On line 1215 
/usr/local/bin/bashtop: line 1207: local: `38': invalid variable name for name reference
00:12:00 ERROR: On line 1207 (MUTED!)
/usr/local/bin/bashtop: line 1207: local: `2': invalid variable name for name reference
00:12:00 ERROR: On line 1207 (MUTED!)
/usr/local/bin/bashtop: line 1207: local: `58': invalid variable name for name reference
/usr/local/bin/bashtop: line 1207: local: `38': invalid variable name for name reference
/usr/local/bin/bashtop: line 1207: local: `2': invalid variable name for name reference
/usr/local/bin/bashtop: line 1207: local: `58': invalid variable name for name reference
00:12:00 ERROR: On line 1215 
/usr/local/bin/bashtop: line 1207: local: `38': invalid variable name for name reference
00:12:03 ERROR: On line 1207 (MUTED!)
/usr/local/bin/bashtop: line 1207: local: `2': invalid variable name for name reference
00:12:03 ERROR: On line 1207 (MUTED!)
/usr/local/bin/bashtop: line 1207: local: `58': invalid variable name for name reference
/usr/local/bin/bashtop: line 1207: local: `38': invalid variable name for name reference
/usr/local/bin/bashtop: line 1207: local: `2': invalid variable name for name reference
/usr/local/bin/bashtop: line 1207: local: `58': invalid variable name for name reference
00:12:03 ERROR: On line 1215 
/usr/local/bin/bashtop: line 1207: local: `38': invalid variable name for name reference
00:12:06 ERROR: On line 1207 (MUTED!)
/usr/local/bin/bashtop: line 1207: local: `2': invalid variable name for name reference
00:12:06 ERROR: On line 1207 (MUTED!)
/usr/local/bin/bashtop: line 1207: local: `58': invalid variable name for name reference
/usr/local/bin/bashtop: line 1207: local: `38': invalid variable name for name reference
/usr/local/bin/bashtop: line 1207: local: `2': invalid variable name for name reference
/usr/local/bin/bashtop: line 1207: local: `58': invalid variable name for name reference
00:12:06 ERROR: On line 1215 
/usr/local/bin/bashtop: line 1207: local: `38': invalid variable name for name reference
00:12:08 ERROR: On line 1207 (MUTED!)
/usr/local/bin/bashtop: line 1207: local: `2': invalid variable name for name reference
00:12:08 ERROR: On line 1207 (MUTED!)
/usr/local/bin/bashtop: line 1207: local: `58': invalid variable name for name reference
/usr/local/bin/bashtop: line 1207: local: `38': invalid variable name for name reference
/usr/local/bin/bashtop: line 1207: local: `2': invalid variable name for name reference
/usr/local/bin/bashtop: line 1207: local: `58': invalid variable name for name reference
00:12:08 ERROR: On line 1215 
/usr/local/bin/bashtop: line 1207: local: `38': invalid variable name for name reference
00:12:11 ERROR: On line 1207 (MUTED!)
/usr/local/bin/bashtop: line 1207: local: `2': invalid variable name for name reference
00:12:11 ERROR: On line 1207 (MUTED!)
/usr/local/bin/bashtop: line 1207: local: `58': invalid variable name for name reference
/usr/local/bin/bashtop: line 1207: local: `38': invalid variable name for name reference
/usr/local/bin/bashtop: line 1207: local: `2': invalid variable name for name reference
/usr/local/bin/bashtop: line 1207: local: `58': invalid variable name for name reference
00:12:11 ERROR: On line 1215 
/usr/local/bin/bashtop: line 1207: local: `38': invalid variable name for name reference
00:12:14 ERROR: On line 1207 (MUTED!)
/usr/local/bin/bashtop: line 1207: local: `2': invalid variable name for name reference
00:12:14 ERROR: On line 1207 (MUTED!)
/usr/local/bin/bashtop: line 1207: local: `58': invalid variable name for name reference
/usr/local/bin/bashtop: line 1207: local: `38': invalid variable name for name reference
/usr/local/bin/bashtop: line 1207: local: `2': invalid variable name for name reference
/usr/local/bin/bashtop: line 1207: local: `58': invalid variable name for name reference
00:12:14 ERROR: On line 1215 
/usr/local/bin/bashtop: line 1207: local: `38': invalid variable name for name reference
00:12:17 ERROR: On line 1207 (MUTED!)
/usr/local/bin/bashtop: line 1207: local: `2': invalid variable name for name reference
00:12:17 ERROR: On line 1207 (MUTED!)
/usr/local/bin/bashtop: line 1207: local: `58': invalid variable name for name reference
/usr/local/bin/bashtop: line 1207: local: `38': invalid variable name for name reference
/usr/local/bin/bashtop: line 1207: local: `2': invalid variable name for name reference
/usr/local/bin/bashtop: line 1207: local: `58': invalid variable name for name reference
00:12:17 ERROR: On line 1215 
/usr/local/bin/bashtop: line 1207: local: `38': invalid variable name for name reference
00:12:19 ERROR: On line 1207 (MUTED!)
/usr/local/bin/bashtop: line 1207: local: `2': invalid variable name for name reference
00:12:19 ERROR: On line 1207 (MUTED!)
/usr/local/bin/bashtop: line 1207: local: `58': invalid variable name for name reference
/usr/local/bin/bashtop: line 1207: local: `38': invalid variable name for name reference
/usr/local/bin/bashtop: line 1207: local: `2': invalid variable name for name reference
/usr/local/bin/bashtop: line 1207: local: `58': invalid variable name for name reference
00:12:19 ERROR: On line 1215 
/usr/local/bin/bashtop: line 1207: local: `38': invalid variable name for name reference
00:12:22 ERROR: On line 1207 (MUTED!)
/usr/local/bin/bashtop: line 1207: local: `2': invalid variable name for name reference
00:12:22 ERROR: On line 1207 (MUTED!)
/usr/local/bin/bashtop: line 1207: local: `58': invalid variable name for name reference
/usr/local/bin/bashtop: line 1207: local: `38': invalid variable name for name reference
/usr/local/bin/bashtop: line 1207: local: `2': invalid variable name for name reference
/usr/local/bin/bashtop: line 1207: local: `58': invalid variable name for name reference
00:12:22 ERROR: On line 1215 
/usr/local/bin/bashtop: line 1207: local: `38': invalid variable name for name reference
00:12:24 ERROR: On line 1207 (MUTED!)
/usr/local/bin/bashtop: line 1207: local: `2': invalid variable name for name reference
00:12:24 ERROR: On line 1207 (MUTED!)
/usr/local/bin/bashtop: line 1207: local: `58': invalid variable name for name reference
/usr/local/bin/bashtop: line 1207: local: `38': invalid variable name for name reference
/usr/local/bin/bashtop: line 1207: local: `2': invalid variable name for name reference
/usr/local/bin/bashtop: line 1207: local: `58': invalid variable name for name reference
00:12:24 ERROR: On line 1215 
/usr/local/bin/bashtop: line 1207: local: `38': invalid variable name for name reference
00:12:27 ERROR: On line 1207 (MUTED!)
/usr/local/bin/bashtop: line 1207: local: `2': invalid variable name for name reference
00:12:27 ERROR: On line 1207 (MUTED!)
/usr/local/bin/bashtop: line 1207: local: `58': invalid variable name for name reference
00:12:27 ERROR: On line 1207 (MUTED!)
/usr/local/bin/bashtop: line 1207: local: `38': invalid variable name for name reference
/usr/local/bin/bashtop: line 1207: local: `2': invalid variable name for name reference
/usr/local/bin/bashtop: line 1207: local: `58': invalid variable name for name reference
00:12:27 ERROR: On line 1215 
/usr/local/bin/bashtop: line 1207: local: `38': invalid variable name for name reference
00:12:30 ERROR: On line 1207 (MUTED!)
/usr/local/bin/bashtop: line 1207: local: `2': invalid variable name for name reference
00:12:30 ERROR: On line 1207 (MUTED!)
/usr/local/bin/bashtop: line 1207: local: `58': invalid variable name for name reference
/usr/local/bin/bashtop: line 1207: local: `38': invalid variable name for name reference
/usr/local/bin/bashtop: line 1207: local: `2': invalid variable name for name reference
/usr/local/bin/bashtop: line 1207: local: `58': invalid variable name for name reference
00:12:30 ERROR: On line 1215 
/usr/local/bin/bashtop: line 1207: local: `38': invalid variable name for name reference
00:12:32 ERROR: On line 1207 (MUTED!)
/usr/local/bin/bashtop: line 1207: local: `2': invalid variable name for name reference
00:12:32 ERROR: On line 1207 (MUTED!)
/usr/local/bin/bashtop: line 1207: local: `58': invalid variable name for name reference
/usr/local/bin/bashtop: line 1207: local: `38': invalid variable name for name reference
/usr/local/bin/bashtop: line 1207: local: `2': invalid variable name for name reference
/usr/local/bin/bashtop: line 1207: local: `58': invalid variable name for name reference
00:12:32 ERROR: On line 1215 
/usr/local/bin/bashtop: line 1207: local: `38': invalid variable name for name reference
00:12:35 ERROR: On line 1207 (MUTED!)
/usr/local/bin/bashtop: line 1207: local: `2': invalid variable name for name reference
00:12:35 ERROR: On line 1207 (MUTED!)
/usr/local/bin/bashtop: line 1207: local: `58': invalid variable name for name reference
/usr/local/bin/bashtop: line 1207: local: `38': invalid variable name for name reference
/usr/local/bin/bashtop: line 1207: local: `2': invalid variable name for name reference
/usr/local/bin/bashtop: line 1207: local: `58': invalid variable name for name reference
00:12:35 ERROR: On line 1215 
/usr/local/bin/bashtop: line 1207: local: `38': invalid variable name for name reference
00:12:38 ERROR: On line 1207 (MUTED!)
/usr/local/bin/bashtop: line 1207: local: `2': invalid variable name for name reference
00:12:38 ERROR: On line 1207 (MUTED!)
/usr/local/bin/bashtop: line 1207: local: `58': invalid variable name for name reference
/usr/local/bin/bashtop: line 1207: local: `38': invalid variable name for name reference
/usr/local/bin/bashtop: line 1207: local: `2': invalid variable name for name reference
/usr/local/bin/bashtop: line 1207: local: `58': invalid variable name for name reference
00:12:38 ERROR: On line 1215 
/usr/local/bin/bashtop: line 1207: local: `38': invalid variable name for name reference
00:12:40 ERROR: On line 1207 (MUTED!)
/usr/local/bin/bashtop: line 1207: local: `2': invalid variable name for name reference
00:12:40 ERROR: On line 1207 (MUTED!)
/usr/local/bin/bashtop: line 1207: local: `58': invalid variable name for name reference
/usr/local/bin/bashtop: line 1207: local: `38': invalid variable name for name reference
/usr/local/bin/bashtop: line 1207: local: `2': invalid variable name for name reference
/usr/local/bin/bashtop: line 1207: local: `58': invalid variable name for name reference
00:12:40 ERROR: On line 1215 
/usr/local/bin/bashtop: line 1207: local: `38': invalid variable name for name reference
00:12:43 ERROR: On line 1207 (MUTED!)
/usr/local/bin/bashtop: line 1207: local: `2': invalid variable name for name reference
00:12:43 ERROR: On line 1207 (MUTED!)
/usr/local/bin/bashtop: line 1207: local: `58': invalid variable name for name reference
/usr/local/bin/bashtop: line 1207: local: `38': invalid variable name for name reference
/usr/local/bin/bashtop: line 1207: local: `2': invalid variable name for name reference
/usr/local/bin/bashtop: line 1207: local: `58': invalid variable name for name reference
00:12:43 ERROR: On line 1215 
/usr/local/bin/bashtop: line 1207: local: `38': invalid variable name for name reference
00:12:45 ERROR: On line 1207 (MUTED!)
/usr/local/bin/bashtop: line 1207: local: `2': invalid variable name for name reference
00:12:45 ERROR: On line 1207 (MUTED!)
/usr/local/bin/bashtop: line 1207: local: `58': invalid variable name for name reference
/usr/local/bin/bashtop: line 1207: local: `38': invalid variable name for name reference
/usr/local/bin/bashtop: line 1207: local: `2': invalid variable name for name reference
/usr/local/bin/bashtop: line 1207: local: `58': invalid variable name for name reference
00:12:45 ERROR: On line 1215 
/usr/local/bin/bashtop: line 1207: local: `38': invalid variable name for name reference
00:12:48 ERROR: On line 1207 (MUTED!)
/usr/local/bin/bashtop: line 1207: local: `2': invalid variable name for name reference
00:12:48 ERROR: On line 1207 (MUTED!)
/usr/local/bin/bashtop: line 1207: local: `58': invalid variable name for name reference
/usr/local/bin/bashtop: line 1207: local: `38': invalid variable name for name reference
/usr/local/bin/bashtop: line 1207: local: `2': invalid variable name for name reference
/usr/local/bin/bashtop: line 1207: local: `58': invalid variable name for name reference
00:12:48 ERROR: On line 1215 
/usr/local/bin/bashtop: line 1207: local: `38': invalid variable name for name reference
00:12:51 ERROR: On line 1207 (MUTED!)
/usr/local/bin/bashtop: line 1207: local: `2': invalid variable name for name reference
00:12:51 ERROR: On line 1207 (MUTED!)
/usr/local/bin/bashtop: line 1207: local: `58': invalid variable name for name reference
/usr/local/bin/bashtop: line 1207: local: `38': invalid variable name for name reference
/usr/local/bin/bashtop: line 1207: local: `2': invalid variable name for name reference
/usr/local/bin/bashtop: line 1207: local: `58': invalid variable name for name reference
00:12:51 ERROR: On line 1215 
/usr/local/bin/bashtop: line 1207: local: `38': invalid variable name for name reference
00:12:53 ERROR: On line 1207 (MUTED!)
/usr/local/bin/bashtop: line 1207: local: `2': invalid variable name for name reference
00:12:53 ERROR: On line 1207 (MUTED!)
/usr/local/bin/bashtop: line 1207: local: `58': invalid variable name for name reference
/usr/local/bin/bashtop: line 1207: local: `38': invalid variable name for name reference
/usr/local/bin/bashtop: line 1207: local: `2': invalid variable name for name reference
/usr/local/bin/bashtop: line 1207: local: `58': invalid variable name for name reference
00:12:53 ERROR: On line 1215 
/usr/local/bin/bashtop: line 1207: local: `38': invalid variable name for name reference
00:12:56 ERROR: On line 1207 (MUTED!)
/usr/local/bin/bashtop: line 1207: local: `2': invalid variable name for name reference
00:12:56 ERROR: On line 1207 (MUTED!)
/usr/local/bin/bashtop: line 1207: local: `58': invalid variable name for name reference
/usr/local/bin/bashtop: line 1207: local: `38': invalid variable name for name reference
/usr/local/bin/bashtop: line 1207: local: `2': invalid variable name for name reference
/usr/local/bin/bashtop: line 1207: local: `58': invalid variable name for name reference
00:12:56 ERROR: On line 1215 
 
New instance of bashtop version: 0.9.25 Pid: 9196
PSUTIL ERROR! Command: get_nics()
'enp5s0:avahi'
18:10:55 ERROR: On line 1048 
PSUTIL ERROR! Command: get_nics()
'enp5s0:avahi'
18:11:25 ERROR: On line 1048 (MUTED!)
PSUTIL ERROR! Command: get_nics()
'enp5s0:avahi'
PSUTIL ERROR! Command: get_nics()
'enp5s0:avahi'
 
New instance of bashtop version: 0.9.25 Pid: 48896
 
New instance of bashtop version: 0.9.25 Pid: 26555
PSUTIL ERROR! Command: get_nics()
'enp5s0:avahi'
12:30:26 ERROR: On line 1048 
PSUTIL ERROR! Command: get_nics()
'enp5s0:avahi'
12:30:57 ERROR: On line 1048 (MUTED!)
PSUTIL ERROR! Command: get_nics()
'enp5s0:avahi'
PSUTIL ERROR! Command: get_nics()
'enp5s0:avahi'
PSUTIL ERROR! Command: get_nics()
'enp5s0:avahi'
PSUTIL ERROR! Command: get_nics()
'enp5s0:avahi'
 
New instance of bashtop version: 0.9.25 Pid: 31234
PSUTIL ERROR! Command: get_nics()
'enp5s0:avahi'
12:33:29 ERROR: On line 1048 
PSUTIL ERROR! Command: get_nics()
'enp5s0:avahi'
12:33:59 ERROR: On line 1048 (MUTED!)
12:34:01 ERROR: On line 4353 
 
New instance of bashtop version: 0.9.25 Pid: 33373
PSUTIL ERROR! Command: get_nics()
'enp5s0:avahi'
12:35:24 ERROR: On line 1048 
