2024-01-09 18:05:29.102 [info] Extension host with pid 32528 started
2024-01-09 18:05:29.102 [info] Skipping acquiring lock for /home/doc/.config/VSCodium/User/workspaceStorage/c7f120ad75b0064fd04ba9e6998aa4fc.
2024-01-09 18:05:29.318 [info] ExtensionService#_doActivateExtension vscode.css-language-features, startup: false, activationEvent: 'onLanguage:css'
2024-01-09 18:05:29.340 [info] ExtensionService#_doActivateExtension vscode.emmet, startup: false, activationEvent: 'onLanguage'
2024-01-09 18:05:29.660 [info] ExtensionService#_doActivateExtension vscode.git-base, startup: true, activationEvent: '*', root cause: vscode.git
2024-01-09 18:05:29.663 [info] ExtensionService#_doActivateExtension mhutchie.git-graph, startup: true, activationEvent: '*'
2024-01-09 18:05:29.732 [info] ExtensionService#_doActivateExtension vscode.git, startup: true, activationEvent: '*'
2024-01-09 18:05:29.759 [info] ExtensionService#_doActivateExtension vscode.github, startup: true, activationEvent: '*'
2024-01-09 18:05:29.840 [info] Eager extensions activated
2024-01-09 18:05:29.877 [info] ExtensionService#_doActivateExtension vscode.debug-auto-launch, startup: false, activationEvent: 'onStartupFinished'
2024-01-09 18:05:29.881 [info] ExtensionService#_doActivateExtension vscode.merge-conflict, startup: false, activationEvent: 'onStartupFinished'
2024-01-09 18:05:29.891 [info] ExtensionService#_doActivateExtension eamodio.gitlens, startup: false, activationEvent: 'onStartupFinished'
2024-01-09 18:05:29.941 [info] ExtensionService#_doActivateExtension phil294.git-log--graph, startup: false, activationEvent: 'onStartupFinished'
2024-01-09 18:05:29.959 [info] ExtensionService#_doActivateExtension waderyan.gitblame, startup: false, activationEvent: 'onStartupFinished'
2024-01-09 18:05:56.045 [info] Extension host terminating: renderer closed the MessagePort
2024-01-09 18:05:56.075 [warning] Canceled
2024-01-09 18:05:56.077 [error] Canceled: Canceled
	at new m (/usr/share/codium/resources/app/out/vs/workbench/api/node/extensionHostProcess.js:141:121511)
	at u._remoteCall (/usr/share/codium/resources/app/out/vs/workbench/api/node/extensionHostProcess.js:150:13781)
	at P.<computed>.x.charCodeAt.P.<computed> (/usr/share/codium/resources/app/out/vs/workbench/api/node/extensionHostProcess.js:150:10333)
	at h._doExecuteCommand (/usr/share/codium/resources/app/out/vs/workbench/api/node/extensionHostProcess.js:141:158052)
	at h.executeCommand (/usr/share/codium/resources/app/out/vs/workbench/api/node/extensionHostProcess.js:141:157377)
	at b.registerCommand.description (/usr/share/codium/resources/app/out/vs/workbench/api/node/extensionHostProcess.js:141:156621)
	at h._executeContributedCommand (/usr/share/codium/resources/app/out/vs/workbench/api/node/extensionHostProcess.js:141:158690)
	at h._doExecuteCommand (/usr/share/codium/resources/app/out/vs/workbench/api/node/extensionHostProcess.js:141:157510)
	at h.executeCommand (/usr/share/codium/resources/app/out/vs/workbench/api/node/extensionHostProcess.js:141:157377)
	at Object.executeCommand (/usr/share/codium/resources/app/out/vs/workbench/api/node/extensionHostProcess.js:158:27516)
	at w (/home/doc/.vscode-oss/extensions/eamodio.gitlens-14.6.1-universal/dist/gitlens.js:1077:40599)
	at h (/home/doc/.vscode-oss/extensions/eamodio.gitlens-14.6.1-universal/dist/gitlens.js:1077:45646)
	at ActionRunners._updateContextKeys (/home/doc/.vscode-oss/extensions/eamodio.gitlens-14.6.1-universal/dist/gitlens.js:663:17278)
	at s (/home/doc/.vscode-oss/extensions/eamodio.gitlens-14.6.1-universal/dist/gitlens.js:663:15722)
	at RegisteredActionRunner.unregister (/home/doc/.vscode-oss/extensions/eamodio.gitlens-14.6.1-universal/dist/gitlens.js:663:15865)
	at RegisteredActionRunner.dispose (/home/doc/.vscode-oss/extensions/eamodio.gitlens-14.6.1-universal/dist/gitlens.js:663:14518)
	at ActionRunners.dispose (/home/doc/.vscode-oss/extensions/eamodio.gitlens-14.6.1-universal/dist/gitlens.js:663:15305)
	at /home/doc/.vscode-oss/extensions/eamodio.gitlens-14.6.1-universal/dist/gitlens.js:1037:19246
	at Array.forEach (<anonymous>)
	at Object.dispose (/home/doc/.vscode-oss/extensions/eamodio.gitlens-14.6.1-universal/dist/gitlens.js:1037:19228)
	at s (/usr/share/codium/resources/app/out/vs/workbench/api/node/extensionHostProcess.js:30:829)
	at f._deactivate (/usr/share/codium/resources/app/out/vs/workbench/api/node/extensionHostProcess.js:154:12879)
	at /usr/share/codium/resources/app/out/vs/workbench/api/node/extensionHostProcess.js:154:10120
	at Array.map (<anonymous>)
	at f._deactivateAll (/usr/share/codium/resources/app/out/vs/workbench/api/node/extensionHostProcess.js:154:10107)
	at f.terminate (/usr/share/codium/resources/app/out/vs/workbench/api/node/extensionHostProcess.js:154:10490)
	at s.terminate (/usr/share/codium/resources/app/out/vs/workbench/api/node/extensionHostProcess.js:158:1908)
	at a (/usr/share/codium/resources/app/out/vs/workbench/api/node/extensionHostProcess.js:171:11536)
	at MessagePortMain.<anonymous> (/usr/share/codium/resources/app/out/vs/workbench/api/node/extensionHostProcess.js:171:7611)
	at MessagePortMain.emit (node:events:513:28)
	at MessagePortMain._internalPort.emit (node:electron/js2c/utility_init:2:367) setContext undefined
2024-01-09 18:05:56.077 [error] Canceled: Canceled
	at new m (/usr/share/codium/resources/app/out/vs/workbench/api/node/extensionHostProcess.js:141:121511)
	at u._remoteCall (/usr/share/codium/resources/app/out/vs/workbench/api/node/extensionHostProcess.js:150:13781)
	at P.<computed>.x.charCodeAt.P.<computed> (/usr/share/codium/resources/app/out/vs/workbench/api/node/extensionHostProcess.js:150:10333)
	at h._doExecuteCommand (/usr/share/codium/resources/app/out/vs/workbench/api/node/extensionHostProcess.js:141:158052)
	at h.executeCommand (/usr/share/codium/resources/app/out/vs/workbench/api/node/extensionHostProcess.js:141:157377)
	at b.registerCommand.description (/usr/share/codium/resources/app/out/vs/workbench/api/node/extensionHostProcess.js:141:156621)
	at h._executeContributedCommand (/usr/share/codium/resources/app/out/vs/workbench/api/node/extensionHostProcess.js:141:158690)
	at h._doExecuteCommand (/usr/share/codium/resources/app/out/vs/workbench/api/node/extensionHostProcess.js:141:157510)
	at h.executeCommand (/usr/share/codium/resources/app/out/vs/workbench/api/node/extensionHostProcess.js:141:157377)
	at Object.executeCommand (/usr/share/codium/resources/app/out/vs/workbench/api/node/extensionHostProcess.js:158:27516)
	at w (/home/doc/.vscode-oss/extensions/eamodio.gitlens-14.6.1-universal/dist/gitlens.js:1077:40599)
	at h (/home/doc/.vscode-oss/extensions/eamodio.gitlens-14.6.1-universal/dist/gitlens.js:1077:45646)
	at ActionRunners._updateContextKeys (/home/doc/.vscode-oss/extensions/eamodio.gitlens-14.6.1-universal/dist/gitlens.js:663:17278)
	at s (/home/doc/.vscode-oss/extensions/eamodio.gitlens-14.6.1-universal/dist/gitlens.js:663:15722)
	at RegisteredActionRunner.unregister (/home/doc/.vscode-oss/extensions/eamodio.gitlens-14.6.1-universal/dist/gitlens.js:663:15865)
	at RegisteredActionRunner.dispose (/home/doc/.vscode-oss/extensions/eamodio.gitlens-14.6.1-universal/dist/gitlens.js:663:14518)
	at ActionRunners.dispose (/home/doc/.vscode-oss/extensions/eamodio.gitlens-14.6.1-universal/dist/gitlens.js:663:15305)
	at /home/doc/.vscode-oss/extensions/eamodio.gitlens-14.6.1-universal/dist/gitlens.js:1037:19246
	at Array.forEach (<anonymous>)
	at Object.dispose (/home/doc/.vscode-oss/extensions/eamodio.gitlens-14.6.1-universal/dist/gitlens.js:1037:19228)
	at s (/usr/share/codium/resources/app/out/vs/workbench/api/node/extensionHostProcess.js:30:829)
	at f._deactivate (/usr/share/codium/resources/app/out/vs/workbench/api/node/extensionHostProcess.js:154:12879)
	at /usr/share/codium/resources/app/out/vs/workbench/api/node/extensionHostProcess.js:154:10120
	at Array.map (<anonymous>)
	at f._deactivateAll (/usr/share/codium/resources/app/out/vs/workbench/api/node/extensionHostProcess.js:154:10107)
	at f.terminate (/usr/share/codium/resources/app/out/vs/workbench/api/node/extensionHostProcess.js:154:10490)
	at s.terminate (/usr/share/codium/resources/app/out/vs/workbench/api/node/extensionHostProcess.js:158:1908)
	at a (/usr/share/codium/resources/app/out/vs/workbench/api/node/extensionHostProcess.js:171:11536)
	at MessagePortMain.<anonymous> (/usr/share/codium/resources/app/out/vs/workbench/api/node/extensionHostProcess.js:171:7611)
	at MessagePortMain.emit (node:events:513:28)
	at MessagePortMain._internalPort.emit (node:electron/js2c/utility_init:2:367) setContext undefined
2024-01-09 18:05:56.077 [error] Canceled: Canceled
	at new m (/usr/share/codium/resources/app/out/vs/workbench/api/node/extensionHostProcess.js:141:121511)
	at u._remoteCall (/usr/share/codium/resources/app/out/vs/workbench/api/node/extensionHostProcess.js:150:13781)
	at P.<computed>.x.charCodeAt.P.<computed> (/usr/share/codium/resources/app/out/vs/workbench/api/node/extensionHostProcess.js:150:10333)
	at h._doExecuteCommand (/usr/share/codium/resources/app/out/vs/workbench/api/node/extensionHostProcess.js:141:158052)
	at h.executeCommand (/usr/share/codium/resources/app/out/vs/workbench/api/node/extensionHostProcess.js:141:157377)
	at b.registerCommand.description (/usr/share/codium/resources/app/out/vs/workbench/api/node/extensionHostProcess.js:141:156621)
	at h._executeContributedCommand (/usr/share/codium/resources/app/out/vs/workbench/api/node/extensionHostProcess.js:141:158690)
	at h._doExecuteCommand (/usr/share/codium/resources/app/out/vs/workbench/api/node/extensionHostProcess.js:141:157510)
	at h.executeCommand (/usr/share/codium/resources/app/out/vs/workbench/api/node/extensionHostProcess.js:141:157377)
	at Object.executeCommand (/usr/share/codium/resources/app/out/vs/workbench/api/node/extensionHostProcess.js:158:27516)
	at w (/home/doc/.vscode-oss/extensions/eamodio.gitlens-14.6.1-universal/dist/gitlens.js:1077:40599)
	at h (/home/doc/.vscode-oss/extensions/eamodio.gitlens-14.6.1-universal/dist/gitlens.js:1077:45646)
	at ActionRunners._updateContextKeys (/home/doc/.vscode-oss/extensions/eamodio.gitlens-14.6.1-universal/dist/gitlens.js:663:17278)
	at s (/home/doc/.vscode-oss/extensions/eamodio.gitlens-14.6.1-universal/dist/gitlens.js:663:15722)
	at RegisteredActionRunner.unregister (/home/doc/.vscode-oss/extensions/eamodio.gitlens-14.6.1-universal/dist/gitlens.js:663:15865)
	at RegisteredActionRunner.dispose (/home/doc/.vscode-oss/extensions/eamodio.gitlens-14.6.1-universal/dist/gitlens.js:663:14518)
	at ActionRunners.dispose (/home/doc/.vscode-oss/extensions/eamodio.gitlens-14.6.1-universal/dist/gitlens.js:663:15305)
	at /home/doc/.vscode-oss/extensions/eamodio.gitlens-14.6.1-universal/dist/gitlens.js:1037:19246
	at Array.forEach (<anonymous>)
	at Object.dispose (/home/doc/.vscode-oss/extensions/eamodio.gitlens-14.6.1-universal/dist/gitlens.js:1037:19228)
	at s (/usr/share/codium/resources/app/out/vs/workbench/api/node/extensionHostProcess.js:30:829)
	at f._deactivate (/usr/share/codium/resources/app/out/vs/workbench/api/node/extensionHostProcess.js:154:12879)
	at /usr/share/codium/resources/app/out/vs/workbench/api/node/extensionHostProcess.js:154:10120
	at Array.map (<anonymous>)
	at f._deactivateAll (/usr/share/codium/resources/app/out/vs/workbench/api/node/extensionHostProcess.js:154:10107)
	at f.terminate (/usr/share/codium/resources/app/out/vs/workbench/api/node/extensionHostProcess.js:154:10490)
	at s.terminate (/usr/share/codium/resources/app/out/vs/workbench/api/node/extensionHostProcess.js:158:1908)
	at a (/usr/share/codium/resources/app/out/vs/workbench/api/node/extensionHostProcess.js:171:11536)
	at MessagePortMain.<anonymous> (/usr/share/codium/resources/app/out/vs/workbench/api/node/extensionHostProcess.js:171:7611)
	at MessagePortMain.emit (node:events:513:28)
	at MessagePortMain._internalPort.emit (node:electron/js2c/utility_init:2:367) setContext undefined
2024-01-09 18:05:56.079 [info] Extension host with pid 32528 exiting with code 0
2024-01-09 18:05:56.780 [info] Extension host with pid 33593 started
2024-01-09 18:05:56.780 [info] Skipping acquiring lock for /home/doc/.config/VSCodium/User/workspaceStorage/47860afe8e1aa815a45f9a96ac26f3f3.
2024-01-09 18:05:56.796 [info] ExtensionService#_doActivateExtension vscode.git-base, startup: true, activationEvent: '*', root cause: vscode.git
2024-01-09 18:05:56.799 [info] ExtensionService#_doActivateExtension mhutchie.git-graph, startup: true, activationEvent: '*'
2024-01-09 18:05:56.841 [info] ExtensionService#_doActivateExtension vscode.git, startup: true, activationEvent: '*'
2024-01-09 18:05:56.861 [info] ExtensionService#_doActivateExtension vscode.github, startup: true, activationEvent: '*'
2024-01-09 18:05:56.970 [info] Eager extensions activated
2024-01-09 18:05:57.016 [info] ExtensionService#_doActivateExtension vscode.debug-auto-launch, startup: false, activationEvent: 'onStartupFinished'
2024-01-09 18:05:57.018 [info] ExtensionService#_doActivateExtension vscode.merge-conflict, startup: false, activationEvent: 'onStartupFinished'
2024-01-09 18:05:57.026 [info] ExtensionService#_doActivateExtension eamodio.gitlens, startup: false, activationEvent: 'onStartupFinished'
2024-01-09 18:05:57.069 [info] ExtensionService#_doActivateExtension phil294.git-log--graph, startup: false, activationEvent: 'onStartupFinished'
2024-01-09 18:05:57.087 [info] ExtensionService#_doActivateExtension waderyan.gitblame, startup: false, activationEvent: 'onStartupFinished'
2024-01-09 18:07:02.371 [info] ExtensionService#_doActivateExtension vscode.emmet, startup: false, activationEvent: 'onLanguage'
2024-01-09 18:15:31.146 [info] Extension host terminating: renderer closed the MessagePort
2024-01-09 18:15:31.165 [error] Canceled: Canceled
	at new m (/usr/share/codium/resources/app/out/vs/workbench/api/node/extensionHostProcess.js:141:121511)
	at u._remoteCall (/usr/share/codium/resources/app/out/vs/workbench/api/node/extensionHostProcess.js:150:13781)
	at P.<computed>.x.charCodeAt.P.<computed> (/usr/share/codium/resources/app/out/vs/workbench/api/node/extensionHostProcess.js:150:10333)
	at h._doExecuteCommand (/usr/share/codium/resources/app/out/vs/workbench/api/node/extensionHostProcess.js:141:158052)
	at h.executeCommand (/usr/share/codium/resources/app/out/vs/workbench/api/node/extensionHostProcess.js:141:157377)
	at b.registerCommand.description (/usr/share/codium/resources/app/out/vs/workbench/api/node/extensionHostProcess.js:141:156621)
	at h._executeContributedCommand (/usr/share/codium/resources/app/out/vs/workbench/api/node/extensionHostProcess.js:141:158690)
	at h._doExecuteCommand (/usr/share/codium/resources/app/out/vs/workbench/api/node/extensionHostProcess.js:141:157510)
	at h.executeCommand (/usr/share/codium/resources/app/out/vs/workbench/api/node/extensionHostProcess.js:141:157377)
	at Object.executeCommand (/usr/share/codium/resources/app/out/vs/workbench/api/node/extensionHostProcess.js:158:27516)
	at f.I [as value] (/usr/share/codium/resources/app/extensions/git/dist/main.js:2:924645)
	at n._deliver (/usr/share/codium/resources/app/out/vs/workbench/api/node/extensionHostProcess.js:80:2465)
	at n._deliverQueue (/usr/share/codium/resources/app/out/vs/workbench/api/node/extensionHostProcess.js:80:2556)
	at n.fire (/usr/share/codium/resources/app/out/vs/workbench/api/node/extensionHostProcess.js:80:2891)
	at Object.m [as dispose] (/usr/share/codium/resources/app/extensions/git/dist/main.js:2:940562)
	at /usr/share/codium/resources/app/extensions/git/dist/main.js:2:945515
	at Array.forEach (<anonymous>)
	at p.dispose (/usr/share/codium/resources/app/extensions/git/dist/main.js:2:945501)
	at l.<anonymous> (/usr/share/codium/resources/app/out/vs/workbench/api/node/extensionHostProcess.js:137:5213)
	at l.dispose (/usr/share/codium/resources/app/out/vs/workbench/api/node/extensionHostProcess.js:137:5310)
	at l.<anonymous> (/usr/share/codium/resources/app/extensions/git/dist/main.js:2:926657)
	at l.dispose (/usr/share/codium/resources/app/out/vs/workbench/api/node/extensionHostProcess.js:137:5310)
	at s (/usr/share/codium/resources/app/out/vs/workbench/api/node/extensionHostProcess.js:30:829)
	at f._deactivate (/usr/share/codium/resources/app/out/vs/workbench/api/node/extensionHostProcess.js:154:12879)
	at /usr/share/codium/resources/app/out/vs/workbench/api/node/extensionHostProcess.js:154:10120
	at Array.map (<anonymous>)
	at f._deactivateAll (/usr/share/codium/resources/app/out/vs/workbench/api/node/extensionHostProcess.js:154:10107)
	at f.terminate (/usr/share/codium/resources/app/out/vs/workbench/api/node/extensionHostProcess.js:154:10490)
	at s.terminate (/usr/share/codium/resources/app/out/vs/workbench/api/node/extensionHostProcess.js:158:1908)
	at a (/usr/share/codium/resources/app/out/vs/workbench/api/node/extensionHostProcess.js:171:11536)
	at MessagePortMain.<anonymous> (/usr/share/codium/resources/app/out/vs/workbench/api/node/extensionHostProcess.js:171:7611)
	at MessagePortMain.emit (node:events:513:28)
	at MessagePortMain._internalPort.emit (node:electron/js2c/utility_init:2:367) setContext undefined
2024-01-09 18:15:31.166 [error] Canceled: Canceled
	at new m (/usr/share/codium/resources/app/out/vs/workbench/api/node/extensionHostProcess.js:141:121511)
	at u._remoteCall (/usr/share/codium/resources/app/out/vs/workbench/api/node/extensionHostProcess.js:150:13781)
	at P.<computed>.x.charCodeAt.P.<computed> (/usr/share/codium/resources/app/out/vs/workbench/api/node/extensionHostProcess.js:150:10333)
	at h._doExecuteCommand (/usr/share/codium/resources/app/out/vs/workbench/api/node/extensionHostProcess.js:141:158052)
	at h.executeCommand (/usr/share/codium/resources/app/out/vs/workbench/api/node/extensionHostProcess.js:141:157377)
	at b.registerCommand.description (/usr/share/codium/resources/app/out/vs/workbench/api/node/extensionHostProcess.js:141:156621)
	at h._executeContributedCommand (/usr/share/codium/resources/app/out/vs/workbench/api/node/extensionHostProcess.js:141:158690)
	at h._doExecuteCommand (/usr/share/codium/resources/app/out/vs/workbench/api/node/extensionHostProcess.js:141:157510)
	at h.executeCommand (/usr/share/codium/resources/app/out/vs/workbench/api/node/extensionHostProcess.js:141:157377)
	at Object.executeCommand (/usr/share/codium/resources/app/out/vs/workbench/api/node/extensionHostProcess.js:158:27516)
	at set b [as b] (/usr/share/codium/resources/app/extensions/github/dist/extension.js:2:322313)
	at /usr/share/codium/resources/app/extensions/github/dist/extension.js:2:322954
	at f.value (/usr/share/codium/resources/app/extensions/git/dist/main.js:2:1016399)
	at n._deliver (/usr/share/codium/resources/app/out/vs/workbench/api/node/extensionHostProcess.js:80:2465)
	at n._deliverQueue (/usr/share/codium/resources/app/out/vs/workbench/api/node/extensionHostProcess.js:80:2556)
	at n.fire (/usr/share/codium/resources/app/out/vs/workbench/api/node/extensionHostProcess.js:80:2891)
	at Object.m [as dispose] (/usr/share/codium/resources/app/extensions/git/dist/main.js:2:940562)
	at /usr/share/codium/resources/app/extensions/git/dist/main.js:2:945515
	at Array.forEach (<anonymous>)
	at p.dispose (/usr/share/codium/resources/app/extensions/git/dist/main.js:2:945501)
	at l.<anonymous> (/usr/share/codium/resources/app/out/vs/workbench/api/node/extensionHostProcess.js:137:5213)
	at l.dispose (/usr/share/codium/resources/app/out/vs/workbench/api/node/extensionHostProcess.js:137:5310)
	at l.<anonymous> (/usr/share/codium/resources/app/extensions/git/dist/main.js:2:926657)
	at l.dispose (/usr/share/codium/resources/app/out/vs/workbench/api/node/extensionHostProcess.js:137:5310)
	at s (/usr/share/codium/resources/app/out/vs/workbench/api/node/extensionHostProcess.js:30:829)
	at f._deactivate (/usr/share/codium/resources/app/out/vs/workbench/api/node/extensionHostProcess.js:154:12879)
	at /usr/share/codium/resources/app/out/vs/workbench/api/node/extensionHostProcess.js:154:10120
	at Array.map (<anonymous>)
	at f._deactivateAll (/usr/share/codium/resources/app/out/vs/workbench/api/node/extensionHostProcess.js:154:10107)
	at f.terminate (/usr/share/codium/resources/app/out/vs/workbench/api/node/extensionHostProcess.js:154:10490)
	at s.terminate (/usr/share/codium/resources/app/out/vs/workbench/api/node/extensionHostProcess.js:158:1908)
	at a (/usr/share/codium/resources/app/out/vs/workbench/api/node/extensionHostProcess.js:171:11536)
	at MessagePortMain.<anonymous> (/usr/share/codium/resources/app/out/vs/workbench/api/node/extensionHostProcess.js:171:7611)
	at MessagePortMain.emit (node:events:513:28)
	at MessagePortMain._internalPort.emit (node:electron/js2c/utility_init:2:367) setContext undefined
2024-01-09 18:15:31.167 [error] Canceled: Canceled
	at new m (/usr/share/codium/resources/app/out/vs/workbench/api/node/extensionHostProcess.js:141:121511)
	at u._remoteCall (/usr/share/codium/resources/app/out/vs/workbench/api/node/extensionHostProcess.js:150:13781)
	at P.<computed>.x.charCodeAt.P.<computed> (/usr/share/codium/resources/app/out/vs/workbench/api/node/extensionHostProcess.js:150:10333)
	at h._doExecuteCommand (/usr/share/codium/resources/app/out/vs/workbench/api/node/extensionHostProcess.js:141:158052)
	at h.executeCommand (/usr/share/codium/resources/app/out/vs/workbench/api/node/extensionHostProcess.js:141:157377)
	at b.registerCommand.description (/usr/share/codium/resources/app/out/vs/workbench/api/node/extensionHostProcess.js:141:156621)
	at h._executeContributedCommand (/usr/share/codium/resources/app/out/vs/workbench/api/node/extensionHostProcess.js:141:158690)
	at h._doExecuteCommand (/usr/share/codium/resources/app/out/vs/workbench/api/node/extensionHostProcess.js:141:157510)
	at h.executeCommand (/usr/share/codium/resources/app/out/vs/workbench/api/node/extensionHostProcess.js:141:157377)
	at Object.executeCommand (/usr/share/codium/resources/app/out/vs/workbench/api/node/extensionHostProcess.js:158:27516)
	at w (/home/doc/.vscode-oss/extensions/eamodio.gitlens-14.6.1-universal/dist/gitlens.js:1077:40599)
	at h (/home/doc/.vscode-oss/extensions/eamodio.gitlens-14.6.1-universal/dist/gitlens.js:1077:45646)
	at ActionRunners._updateContextKeys (/home/doc/.vscode-oss/extensions/eamodio.gitlens-14.6.1-universal/dist/gitlens.js:663:17278)
	at s (/home/doc/.vscode-oss/extensions/eamodio.gitlens-14.6.1-universal/dist/gitlens.js:663:15722)
	at RegisteredActionRunner.unregister (/home/doc/.vscode-oss/extensions/eamodio.gitlens-14.6.1-universal/dist/gitlens.js:663:15865)
	at RegisteredActionRunner.dispose (/home/doc/.vscode-oss/extensions/eamodio.gitlens-14.6.1-universal/dist/gitlens.js:663:14518)
	at ActionRunners.dispose (/home/doc/.vscode-oss/extensions/eamodio.gitlens-14.6.1-universal/dist/gitlens.js:663:15305)
	at /home/doc/.vscode-oss/extensions/eamodio.gitlens-14.6.1-universal/dist/gitlens.js:1037:19246
	at Array.forEach (<anonymous>)
	at Object.dispose (/home/doc/.vscode-oss/extensions/eamodio.gitlens-14.6.1-universal/dist/gitlens.js:1037:19228)
	at s (/usr/share/codium/resources/app/out/vs/workbench/api/node/extensionHostProcess.js:30:829)
	at f._deactivate (/usr/share/codium/resources/app/out/vs/workbench/api/node/extensionHostProcess.js:154:12879)
	at /usr/share/codium/resources/app/out/vs/workbench/api/node/extensionHostProcess.js:154:10120
	at Array.map (<anonymous>)
	at f._deactivateAll (/usr/share/codium/resources/app/out/vs/workbench/api/node/extensionHostProcess.js:154:10107)
	at f.terminate (/usr/share/codium/resources/app/out/vs/workbench/api/node/extensionHostProcess.js:154:10490)
	at s.terminate (/usr/share/codium/resources/app/out/vs/workbench/api/node/extensionHostProcess.js:158:1908)
	at a (/usr/share/codium/resources/app/out/vs/workbench/api/node/extensionHostProcess.js:171:11536)
	at MessagePortMain.<anonymous> (/usr/share/codium/resources/app/out/vs/workbench/api/node/extensionHostProcess.js:171:7611)
	at MessagePortMain.emit (node:events:513:28)
	at MessagePortMain._internalPort.emit (node:electron/js2c/utility_init:2:367) setContext undefined
2024-01-09 18:15:31.167 [error] Canceled: Canceled
	at new m (/usr/share/codium/resources/app/out/vs/workbench/api/node/extensionHostProcess.js:141:121511)
	at u._remoteCall (/usr/share/codium/resources/app/out/vs/workbench/api/node/extensionHostProcess.js:150:13781)
	at P.<computed>.x.charCodeAt.P.<computed> (/usr/share/codium/resources/app/out/vs/workbench/api/node/extensionHostProcess.js:150:10333)
	at h._doExecuteCommand (/usr/share/codium/resources/app/out/vs/workbench/api/node/extensionHostProcess.js:141:158052)
	at h.executeCommand (/usr/share/codium/resources/app/out/vs/workbench/api/node/extensionHostProcess.js:141:157377)
	at b.registerCommand.description (/usr/share/codium/resources/app/out/vs/workbench/api/node/extensionHostProcess.js:141:156621)
	at h._executeContributedCommand (/usr/share/codium/resources/app/out/vs/workbench/api/node/extensionHostProcess.js:141:158690)
	at h._doExecuteCommand (/usr/share/codium/resources/app/out/vs/workbench/api/node/extensionHostProcess.js:141:157510)
	at h.executeCommand (/usr/share/codium/resources/app/out/vs/workbench/api/node/extensionHostProcess.js:141:157377)
	at Object.executeCommand (/usr/share/codium/resources/app/out/vs/workbench/api/node/extensionHostProcess.js:158:27516)
	at w (/home/doc/.vscode-oss/extensions/eamodio.gitlens-14.6.1-universal/dist/gitlens.js:1077:40599)
	at h (/home/doc/.vscode-oss/extensions/eamodio.gitlens-14.6.1-universal/dist/gitlens.js:1077:45646)
	at ActionRunners._updateContextKeys (/home/doc/.vscode-oss/extensions/eamodio.gitlens-14.6.1-universal/dist/gitlens.js:663:17278)
	at s (/home/doc/.vscode-oss/extensions/eamodio.gitlens-14.6.1-universal/dist/gitlens.js:663:15722)
	at RegisteredActionRunner.unregister (/home/doc/.vscode-oss/extensions/eamodio.gitlens-14.6.1-universal/dist/gitlens.js:663:15865)
	at RegisteredActionRunner.dispose (/home/doc/.vscode-oss/extensions/eamodio.gitlens-14.6.1-universal/dist/gitlens.js:663:14518)
	at ActionRunners.dispose (/home/doc/.vscode-oss/extensions/eamodio.gitlens-14.6.1-universal/dist/gitlens.js:663:15305)
	at /home/doc/.vscode-oss/extensions/eamodio.gitlens-14.6.1-universal/dist/gitlens.js:1037:19246
	at Array.forEach (<anonymous>)
	at Object.dispose (/home/doc/.vscode-oss/extensions/eamodio.gitlens-14.6.1-universal/dist/gitlens.js:1037:19228)
	at s (/usr/share/codium/resources/app/out/vs/workbench/api/node/extensionHostProcess.js:30:829)
	at f._deactivate (/usr/share/codium/resources/app/out/vs/workbench/api/node/extensionHostProcess.js:154:12879)
	at /usr/share/codium/resources/app/out/vs/workbench/api/node/extensionHostProcess.js:154:10120
	at Array.map (<anonymous>)
	at f._deactivateAll (/usr/share/codium/resources/app/out/vs/workbench/api/node/extensionHostProcess.js:154:10107)
	at f.terminate (/usr/share/codium/resources/app/out/vs/workbench/api/node/extensionHostProcess.js:154:10490)
	at s.terminate (/usr/share/codium/resources/app/out/vs/workbench/api/node/extensionHostProcess.js:158:1908)
	at a (/usr/share/codium/resources/app/out/vs/workbench/api/node/extensionHostProcess.js:171:11536)
	at MessagePortMain.<anonymous> (/usr/share/codium/resources/app/out/vs/workbench/api/node/extensionHostProcess.js:171:7611)
	at MessagePortMain.emit (node:events:513:28)
	at MessagePortMain._internalPort.emit (node:electron/js2c/utility_init:2:367) setContext undefined
2024-01-09 18:15:31.167 [error] Canceled: Canceled
	at new m (/usr/share/codium/resources/app/out/vs/workbench/api/node/extensionHostProcess.js:141:121511)
	at u._remoteCall (/usr/share/codium/resources/app/out/vs/workbench/api/node/extensionHostProcess.js:150:13781)
	at P.<computed>.x.charCodeAt.P.<computed> (/usr/share/codium/resources/app/out/vs/workbench/api/node/extensionHostProcess.js:150:10333)
	at h._doExecuteCommand (/usr/share/codium/resources/app/out/vs/workbench/api/node/extensionHostProcess.js:141:158052)
	at h.executeCommand (/usr/share/codium/resources/app/out/vs/workbench/api/node/extensionHostProcess.js:141:157377)
	at b.registerCommand.description (/usr/share/codium/resources/app/out/vs/workbench/api/node/extensionHostProcess.js:141:156621)
	at h._executeContributedCommand (/usr/share/codium/resources/app/out/vs/workbench/api/node/extensionHostProcess.js:141:158690)
	at h._doExecuteCommand (/usr/share/codium/resources/app/out/vs/workbench/api/node/extensionHostProcess.js:141:157510)
	at h.executeCommand (/usr/share/codium/resources/app/out/vs/workbench/api/node/extensionHostProcess.js:141:157377)
	at Object.executeCommand (/usr/share/codium/resources/app/out/vs/workbench/api/node/extensionHostProcess.js:158:27516)
	at w (/home/doc/.vscode-oss/extensions/eamodio.gitlens-14.6.1-universal/dist/gitlens.js:1077:40599)
	at h (/home/doc/.vscode-oss/extensions/eamodio.gitlens-14.6.1-universal/dist/gitlens.js:1077:45646)
	at ActionRunners._updateContextKeys (/home/doc/.vscode-oss/extensions/eamodio.gitlens-14.6.1-universal/dist/gitlens.js:663:17278)
	at s (/home/doc/.vscode-oss/extensions/eamodio.gitlens-14.6.1-universal/dist/gitlens.js:663:15722)
	at RegisteredActionRunner.unregister (/home/doc/.vscode-oss/extensions/eamodio.gitlens-14.6.1-universal/dist/gitlens.js:663:15865)
	at RegisteredActionRunner.dispose (/home/doc/.vscode-oss/extensions/eamodio.gitlens-14.6.1-universal/dist/gitlens.js:663:14518)
	at ActionRunners.dispose (/home/doc/.vscode-oss/extensions/eamodio.gitlens-14.6.1-universal/dist/gitlens.js:663:15305)
	at /home/doc/.vscode-oss/extensions/eamodio.gitlens-14.6.1-universal/dist/gitlens.js:1037:19246
	at Array.forEach (<anonymous>)
	at Object.dispose (/home/doc/.vscode-oss/extensions/eamodio.gitlens-14.6.1-universal/dist/gitlens.js:1037:19228)
	at s (/usr/share/codium/resources/app/out/vs/workbench/api/node/extensionHostProcess.js:30:829)
	at f._deactivate (/usr/share/codium/resources/app/out/vs/workbench/api/node/extensionHostProcess.js:154:12879)
	at /usr/share/codium/resources/app/out/vs/workbench/api/node/extensionHostProcess.js:154:10120
	at Array.map (<anonymous>)
	at f._deactivateAll (/usr/share/codium/resources/app/out/vs/workbench/api/node/extensionHostProcess.js:154:10107)
	at f.terminate (/usr/share/codium/resources/app/out/vs/workbench/api/node/extensionHostProcess.js:154:10490)
	at s.terminate (/usr/share/codium/resources/app/out/vs/workbench/api/node/extensionHostProcess.js:158:1908)
	at a (/usr/share/codium/resources/app/out/vs/workbench/api/node/extensionHostProcess.js:171:11536)
	at MessagePortMain.<anonymous> (/usr/share/codium/resources/app/out/vs/workbench/api/node/extensionHostProcess.js:171:7611)
	at MessagePortMain.emit (node:events:513:28)
	at MessagePortMain._internalPort.emit (node:electron/js2c/utility_init:2:367) setContext undefined
2024-01-09 18:15:31.167 [info] Extension host with pid 33593 exiting with code 0
